<?xml version="1.0" encoding="UTF-8"?>
<testsuite name="com.example.project.TestSpellChecker" tests="5" skipped="0" failures="0" errors="0" timestamp="2025-02-14T17:16:16" hostname="codespaces-5f258b" time="3.484">
  <properties/>
  <testcase name="testLinearSearchInList()" classname="com.example.project.TestSpellChecker" time="0.073"/>
  <testcase name="testBinarySearchInList2()" classname="com.example.project.TestSpellChecker" time="0.004"/>
  <testcase name="testBinarySearchNotInList()" classname="com.example.project.TestSpellChecker" time="0.008"/>
  <testcase name="testLinearSearchNotInList()" classname="com.example.project.TestSpellChecker" time="0.085"/>
  <testcase name="testBinarySearchInList()" classname="com.example.project.TestSpellChecker" time="0.002"/>
  <system-out><![CDATA[
dictionary.txt file imported successfully!
-- LINEAR SEARCH: Number of words checked (loop iterations): 44357

dictionary.txt file imported successfully!

dictionary.txt file imported successfully!

dictionary.txt file imported successfully!
-- LINEAR SEARCH: Number of words checked (loop iterations): 127143

dictionary.txt file imported successfully!
]]></system-out>
  <system-err><![CDATA[]]></system-err>
</testsuite>
